WARNING:root:Setting up a new session...
Traceback (most recent call last):
  File "/home/isaac/anaconda3/envs/munitenv/lib/python3.7/site-packages/urllib3/connection.py", line 160, in _new_conn
    (self._dns_host, self.port), self.timeout, **extra_kw)
  File "/home/isaac/anaconda3/envs/munitenv/lib/python3.7/site-packages/urllib3/util/connection.py", line 80, in create_connection
    raise err
  File "/home/isaac/anaconda3/envs/munitenv/lib/python3.7/site-packages/urllib3/util/connection.py", line 70, in create_connection
    sock.connect(sa)
ConnectionRefusedError: [Errno 111] Connection refused

During handling of the above exception, another exception occurred:

Traceback (most recent call last):
  File "/home/isaac/anaconda3/envs/munitenv/lib/python3.7/site-packages/urllib3/connectionpool.py", line 603, in urlopen
    chunked=chunked)
  File "/home/isaac/anaconda3/envs/munitenv/lib/python3.7/site-packages/urllib3/connectionpool.py", line 355, in _make_request
    conn.request(method, url, **httplib_request_kw)
  File "/home/isaac/anaconda3/envs/munitenv/lib/python3.7/http/client.py", line 1229, in request
    self._send_request(method, url, body, headers, encode_chunked)
  File "/home/isaac/anaconda3/envs/munitenv/lib/python3.7/http/client.py", line 1275, in _send_request
    self.endheaders(body, encode_chunked=encode_chunked)
  File "/home/isaac/anaconda3/envs/munitenv/lib/python3.7/http/client.py", line 1224, in endheaders
    self._send_output(message_body, encode_chunked=encode_chunked)
  File "/home/isaac/anaconda3/envs/munitenv/lib/python3.7/http/client.py", line 1016, in _send_output
    self.send(msg)
  File "/home/isaac/anaconda3/envs/munitenv/lib/python3.7/http/client.py", line 956, in send
    self.connect()
  File "/home/isaac/anaconda3/envs/munitenv/lib/python3.7/site-packages/urllib3/connection.py", line 183, in connect
    conn = self._new_conn()
  File "/home/isaac/anaconda3/envs/munitenv/lib/python3.7/site-packages/urllib3/connection.py", line 169, in _new_conn
    self, "Failed to establish a new connection: %s" % e)
urllib3.exceptions.NewConnectionError: <urllib3.connection.HTTPConnection object at 0x7f907a6043c8>: Failed to establish a new connection: [Errno 111] Connection refused

During handling of the above exception, another exception occurred:

Traceback (most recent call last):
  File "/home/isaac/anaconda3/envs/munitenv/lib/python3.7/site-packages/requests/adapters.py", line 449, in send
    timeout=timeout
  File "/home/isaac/anaconda3/envs/munitenv/lib/python3.7/site-packages/urllib3/connectionpool.py", line 641, in urlopen
    _stacktrace=sys.exc_info()[2])
  File "/home/isaac/anaconda3/envs/munitenv/lib/python3.7/site-packages/urllib3/util/retry.py", line 399, in increment
    raise MaxRetryError(_pool, url, error or ResponseError(cause))
urllib3.exceptions.MaxRetryError: HTTPConnectionPool(host='localhost', port=8097): Max retries exceeded with url: /env/main (Caused by NewConnectionError('<urllib3.connection.HTTPConnection object at 0x7f907a6043c8>: Failed to establish a new connection: [Errno 111] Connection refused'))

During handling of the above exception, another exception occurred:

Traceback (most recent call last):
  File "/home/isaac/anaconda3/envs/munitenv/lib/python3.7/site-packages/visdom/__init__.py", line 548, in _send
    data=json.dumps(msg),
  File "/home/isaac/anaconda3/envs/munitenv/lib/python3.7/site-packages/requests/sessions.py", line 581, in post
    return self.request('POST', url, data=data, json=json, **kwargs)
  File "/home/isaac/anaconda3/envs/munitenv/lib/python3.7/site-packages/requests/sessions.py", line 533, in request
    resp = self.send(prep, **send_kwargs)
  File "/home/isaac/anaconda3/envs/munitenv/lib/python3.7/site-packages/requests/sessions.py", line 646, in send
    r = adapter.send(request, **kwargs)
  File "/home/isaac/anaconda3/envs/munitenv/lib/python3.7/site-packages/requests/adapters.py", line 516, in send
    raise ConnectionError(e, request=request)
requests.exceptions.ConnectionError: HTTPConnectionPool(host='localhost', port=8097): Max retries exceeded with url: /env/main (Caused by NewConnectionError('<urllib3.connection.HTTPConnection object at 0x7f907a6043c8>: Failed to establish a new connection: [Errno 111] Connection refused'))
ERROR:visdom:[Errno 111] Connection refused
----------------- Options ---------------
               batch_size: 1                             
                    beta1: 0.5                           
          checkpoints_dir: ./checkpoints                 
           continue_train: True                          	[default: False]
                crop_size: 256                           
                 dataroot: ./datasets/nfix/              	[default: None]
             dataset_mode: unaligned                     
                direction: AtoB                          
              display_env: main                          
             display_freq: 400                           
               display_id: 1                             
            display_ncols: 4                             
             display_port: 8097                          
           display_server: http://localhost              
          display_winsize: 256                           
                    epoch: latest                        
              epoch_count: 272                           	[default: 1]
                 gan_mode: lsgan                         
                  gpu_ids: 0                             
                init_gain: 0.02                          
                init_type: normal                        
                 input_nc: 3                             
                  isTrain: True                          	[default: None]
                 lambda_A: 10.0                          
                 lambda_B: 10.0                          
          lambda_identity: 0.5                           
                load_iter: 0                             	[default: 0]
                load_size: 286                           
                       lr: 0.0002                        
           lr_decay_iters: 50                            
                lr_policy: linear                        
         max_dataset_size: inf                           
                    model: cycle_gan                     
               n_layers_D: 3                             
                     name: nfix                          	[default: experiment_name]
                      ndf: 64                            
                     netD: basic                         
                     netG: resnet_9blocks                
                      ngf: 64                            
                    niter: 150                           	[default: 100]
              niter_decay: 150                           	[default: 100]
               no_dropout: True                          
                  no_flip: False                         
                  no_html: False                         
                     norm: instance                      
              num_threads: 4                             
                output_nc: 3                             
                    phase: train                         
                pool_size: 50                            
               preprocess: resize_and_crop               
               print_freq: 100                           
             save_by_iter: False                         
          save_epoch_freq: 5                             
         save_latest_freq: 5000                          
           serial_batches: False                         
                   suffix:                               
         update_html_freq: 1000                          
                  verbose: False                         
----------------- End -------------------
dataset [UnalignedDataset] was created
The number of training images = 1080
initialize network with normal
initialize network with normal
initialize network with normal
initialize network with normal
model [CycleGANModel] was created
loading the model from ./checkpoints/nfix/latest_net_G_A.pth
loading the model from ./checkpoints/nfix/latest_net_G_B.pth
loading the model from ./checkpoints/nfix/latest_net_D_A.pth
loading the model from ./checkpoints/nfix/latest_net_D_B.pth
---------- Networks initialized -------------
[Network G_A] Total number of parameters : 11.378 M
[Network G_B] Total number of parameters : 11.378 M
[Network D_A] Total number of parameters : 2.765 M
[Network D_B] Total number of parameters : 2.765 M
-----------------------------------------------
Exception in user code:
------------------------------------------------------------


Could not connect to Visdom server. 
 Trying to start a server....
Command: /home/isaac/anaconda3/envs/munitenv/bin/python -m visdom.server -p 8097 &>/dev/null &
create web directory ./checkpoints/nfix/web...
(epoch: 272, iters: 100, time: 0.612, data: 0.782) D_A: 0.134 G_A: 0.265 cycle_A: 0.207 idt_A: 0.103 D_B: 0.091 G_B: 0.490 cycle_B: 0.380 idt_B: 0.065 
(epoch: 272, iters: 200, time: 0.618, data: 0.001) D_A: 0.210 G_A: 0.419 cycle_A: 0.246 idt_A: 0.076 D_B: 0.320 G_B: 0.460 cycle_B: 0.288 idt_B: 0.079 
(epoch: 272, iters: 300, time: 0.620, data: 0.001) D_A: 0.256 G_A: 0.471 cycle_A: 0.236 idt_A: 0.119 D_B: 0.245 G_B: 0.456 cycle_B: 0.275 idt_B: 0.092 
(epoch: 272, iters: 400, time: 3.045, data: 0.002) D_A: 0.133 G_A: 0.336 cycle_A: 0.306 idt_A: 0.209 D_B: 0.195 G_B: 0.888 cycle_B: 0.473 idt_B: 0.101 
(epoch: 272, iters: 500, time: 0.619, data: 0.002) D_A: 0.244 G_A: 0.353 cycle_A: 0.277 idt_A: 0.068 D_B: 0.173 G_B: 0.195 cycle_B: 0.154 idt_B: 0.091 
(epoch: 272, iters: 600, time: 0.623, data: 0.001) D_A: 0.223 G_A: 0.382 cycle_A: 0.483 idt_A: 0.096 D_B: 0.103 G_B: 0.593 cycle_B: 0.213 idt_B: 0.137 
(epoch: 272, iters: 700, time: 0.620, data: 0.001) D_A: 0.222 G_A: 0.424 cycle_A: 0.229 idt_A: 0.069 D_B: 0.156 G_B: 0.299 cycle_B: 0.219 idt_B: 0.060 
(epoch: 272, iters: 800, time: 2.667, data: 0.001) D_A: 0.104 G_A: 0.416 cycle_A: 0.370 idt_A: 0.125 D_B: 0.270 G_B: 0.268 cycle_B: 0.333 idt_B: 0.138 
(epoch: 272, iters: 900, time: 0.622, data: 0.002) D_A: 0.248 G_A: 0.351 cycle_A: 0.462 idt_A: 0.122 D_B: 0.326 G_B: 0.441 cycle_B: 0.299 idt_B: 0.173 
(epoch: 272, iters: 1000, time: 0.619, data: 0.001) D_A: 0.086 G_A: 0.483 cycle_A: 0.192 idt_A: 0.074 D_B: 0.140 G_B: 0.703 cycle_B: 0.183 idt_B: 0.062 
End of epoch 272 / 300 	 Time Taken: 672 sec
learning rate = 0.0000371
(epoch: 273, iters: 20, time: 0.621, data: 0.002) D_A: 0.337 G_A: 0.368 cycle_A: 0.489 idt_A: 0.067 D_B: 0.229 G_B: 0.283 cycle_B: 0.196 idt_B: 0.201 
(epoch: 273, iters: 120, time: 2.750, data: 0.001) D_A: 0.182 G_A: 0.421 cycle_A: 0.258 idt_A: 0.056 D_B: 0.202 G_B: 0.589 cycle_B: 0.200 idt_B: 0.125 
(epoch: 273, iters: 220, time: 0.620, data: 0.001) D_A: 0.211 G_A: 0.266 cycle_A: 0.706 idt_A: 0.114 D_B: 0.242 G_B: 0.392 cycle_B: 0.248 idt_B: 0.291 
(epoch: 273, iters: 320, time: 0.621, data: 0.001) D_A: 0.216 G_A: 0.402 cycle_A: 0.379 idt_A: 0.074 D_B: 0.136 G_B: 0.473 cycle_B: 0.280 idt_B: 0.121 
(epoch: 273, iters: 420, time: 0.619, data: 0.001) D_A: 0.233 G_A: 0.344 cycle_A: 0.192 idt_A: 0.060 D_B: 0.318 G_B: 0.135 cycle_B: 0.196 idt_B: 0.063 
(epoch: 273, iters: 520, time: 2.608, data: 0.001) D_A: 0.261 G_A: 0.554 cycle_A: 0.256 idt_A: 0.093 D_B: 0.103 G_B: 0.639 cycle_B: 0.293 idt_B: 0.153 
(epoch: 273, iters: 620, time: 0.613, data: 0.002) D_A: 0.183 G_A: 0.470 cycle_A: 0.341 idt_A: 0.092 D_B: 0.185 G_B: 0.657 cycle_B: 0.290 idt_B: 0.117 
(epoch: 273, iters: 720, time: 0.616, data: 0.002) D_A: 0.149 G_A: 0.380 cycle_A: 0.260 idt_A: 0.101 D_B: 0.070 G_B: 0.443 cycle_B: 0.309 idt_B: 0.069 
(epoch: 273, iters: 820, time: 0.619, data: 0.002) D_A: 0.236 G_A: 0.187 cycle_A: 0.231 idt_A: 0.115 D_B: 0.174 G_B: 0.387 cycle_B: 0.224 idt_B: 0.081 
(epoch: 273, iters: 920, time: 2.557, data: 0.002) D_A: 0.102 G_A: 0.479 cycle_A: 0.355 idt_A: 0.041 D_B: 0.218 G_B: 0.300 cycle_B: 0.158 idt_B: 0.126 
(epoch: 273, iters: 1020, time: 0.622, data: 0.002) D_A: 0.192 G_A: 0.579 cycle_A: 0.192 idt_A: 0.058 D_B: 0.170 G_B: 0.299 cycle_B: 0.185 idt_B: 0.070 
End of epoch 273 / 300 	 Time Taken: 669 sec
learning rate = 0.0000358
(epoch: 274, iters: 40, time: 0.616, data: 0.001) D_A: 0.276 G_A: 0.518 cycle_A: 0.153 idt_A: 0.057 D_B: 0.274 G_B: 0.452 cycle_B: 0.160 idt_B: 0.071 
(epoch: 274, iters: 140, time: 0.617, data: 0.002) D_A: 0.178 G_A: 0.373 cycle_A: 0.400 idt_A: 0.063 D_B: 0.159 G_B: 0.640 cycle_B: 0.197 idt_B: 0.148 
(epoch: 274, iters: 240, time: 2.688, data: 0.002) D_A: 0.156 G_A: 0.498 cycle_A: 0.193 idt_A: 0.093 D_B: 0.129 G_B: 0.389 cycle_B: 0.298 idt_B: 0.065 
(epoch: 274, iters: 340, time: 0.617, data: 0.002) D_A: 0.200 G_A: 0.462 cycle_A: 0.179 idt_A: 0.069 D_B: 0.114 G_B: 0.123 cycle_B: 0.153 idt_B: 0.056 
(epoch: 274, iters: 440, time: 0.619, data: 0.002) D_A: 0.168 G_A: 0.551 cycle_A: 0.251 idt_A: 0.075 D_B: 0.283 G_B: 0.315 cycle_B: 0.250 idt_B: 0.083 
(epoch: 274, iters: 540, time: 0.619, data: 0.002) D_A: 0.178 G_A: 0.279 cycle_A: 0.232 idt_A: 0.173 D_B: 0.149 G_B: 0.887 cycle_B: 0.385 idt_B: 0.081 
(epoch: 274, iters: 640, time: 2.604, data: 0.002) D_A: 0.150 G_A: 0.457 cycle_A: 0.149 idt_A: 0.102 D_B: 0.097 G_B: 0.629 cycle_B: 0.288 idt_B: 0.055 
(epoch: 274, iters: 740, time: 0.622, data: 0.002) D_A: 0.146 G_A: 0.422 cycle_A: 0.130 idt_A: 0.087 D_B: 0.153 G_B: 0.289 cycle_B: 0.299 idt_B: 0.049 
(epoch: 274, iters: 840, time: 0.619, data: 0.001) D_A: 0.173 G_A: 0.439 cycle_A: 0.359 idt_A: 0.071 D_B: 0.147 G_B: 0.437 cycle_B: 0.247 idt_B: 0.136 
(epoch: 274, iters: 940, time: 0.621, data: 0.002) D_A: 0.207 G_A: 0.444 cycle_A: 0.214 idt_A: 0.073 D_B: 0.081 G_B: 0.301 cycle_B: 0.240 idt_B: 0.065 
(epoch: 274, iters: 1040, time: 2.765, data: 0.001) D_A: 0.207 G_A: 0.517 cycle_A: 0.441 idt_A: 0.101 D_B: 0.183 G_B: 0.485 cycle_B: 0.283 idt_B: 0.170 
End of epoch 274 / 300 	 Time Taken: 669 sec
learning rate = 0.0000344
(epoch: 275, iters: 60, time: 0.622, data: 0.002) D_A: 0.150 G_A: 0.488 cycle_A: 0.235 idt_A: 0.121 D_B: 0.124 G_B: 0.506 cycle_B: 0.290 idt_B: 0.081 
(epoch: 275, iters: 160, time: 0.616, data: 0.001) D_A: 0.205 G_A: 0.313 cycle_A: 0.158 idt_A: 0.060 D_B: 0.250 G_B: 0.250 cycle_B: 0.178 idt_B: 0.047 
(epoch: 275, iters: 260, time: 0.623, data: 0.002) D_A: 0.140 G_A: 0.306 cycle_A: 0.343 idt_A: 0.080 D_B: 0.134 G_B: 0.693 cycle_B: 0.287 idt_B: 0.133 
(epoch: 275, iters: 360, time: 2.819, data: 0.002) D_A: 0.363 G_A: 0.575 cycle_A: 0.373 idt_A: 0.070 D_B: 0.153 G_B: 0.294 cycle_B: 0.220 idt_B: 0.110 
(epoch: 275, iters: 460, time: 0.621, data: 0.001) D_A: 0.177 G_A: 0.390 cycle_A: 0.159 idt_A: 0.139 D_B: 0.135 G_B: 0.752 cycle_B: 0.329 idt_B: 0.056 
(epoch: 275, iters: 560, time: 0.618, data: 0.002) D_A: 0.189 G_A: 0.420 cycle_A: 0.360 idt_A: 0.113 D_B: 0.152 G_B: 0.541 cycle_B: 0.290 idt_B: 0.126 
(epoch: 275, iters: 660, time: 0.621, data: 0.001) D_A: 0.150 G_A: 0.341 cycle_A: 0.201 idt_A: 0.120 D_B: 0.119 G_B: 0.403 cycle_B: 0.297 idt_B: 0.056 
(epoch: 275, iters: 760, time: 2.671, data: 0.001) D_A: 0.151 G_A: 0.513 cycle_A: 0.346 idt_A: 0.079 D_B: 0.173 G_B: 0.493 cycle_B: 0.192 idt_B: 0.134 
(epoch: 275, iters: 860, time: 0.623, data: 0.002) D_A: 0.230 G_A: 0.515 cycle_A: 0.361 idt_A: 0.054 D_B: 0.162 G_B: 0.314 cycle_B: 0.191 idt_B: 0.127 
(epoch: 275, iters: 960, time: 0.620, data: 0.001) D_A: 0.156 G_A: 0.308 cycle_A: 0.378 idt_A: 0.102 D_B: 0.256 G_B: 0.661 cycle_B: 0.276 idt_B: 0.146 
(epoch: 275, iters: 1060, time: 0.620, data: 0.002) D_A: 0.124 G_A: 0.501 cycle_A: 0.255 idt_A: 0.048 D_B: 0.169 G_B: 0.325 cycle_B: 0.217 idt_B: 0.086 
saving the model at the end of epoch 275, iters 4320
End of epoch 275 / 300 	 Time Taken: 669 sec
learning rate = 0.0000331
(epoch: 276, iters: 80, time: 2.831, data: 0.002) D_A: 0.225 G_A: 0.327 cycle_A: 0.466 idt_A: 0.083 D_B: 0.276 G_B: 0.390 cycle_B: 0.322 idt_B: 0.173 
(epoch: 276, iters: 180, time: 0.613, data: 0.002) D_A: 0.231 G_A: 0.545 cycle_A: 0.246 idt_A: 0.058 D_B: 0.109 G_B: 0.135 cycle_B: 0.170 idt_B: 0.066 
(epoch: 276, iters: 280, time: 0.624, data: 0.002) D_A: 0.256 G_A: 0.467 cycle_A: 0.194 idt_A: 0.097 D_B: 0.100 G_B: 0.292 cycle_B: 0.296 idt_B: 0.067 
(epoch: 276, iters: 380, time: 0.618, data: 0.001) D_A: 0.095 G_A: 0.875 cycle_A: 0.369 idt_A: 0.158 D_B: 0.211 G_B: 0.679 cycle_B: 0.355 idt_B: 0.135 
(epoch: 276, iters: 480, time: 2.753, data: 0.002) D_A: 0.161 G_A: 0.363 cycle_A: 0.371 idt_A: 0.239 D_B: 0.200 G_B: 0.745 cycle_B: 0.464 idt_B: 0.109 
(epoch: 276, iters: 580, time: 0.618, data: 0.001) D_A: 0.177 G_A: 0.302 cycle_A: 0.205 idt_A: 0.106 D_B: 0.230 G_B: 0.367 cycle_B: 0.283 idt_B: 0.072 
(epoch: 276, iters: 680, time: 0.615, data: 0.002) D_A: 0.163 G_A: 0.483 cycle_A: 0.276 idt_A: 0.066 D_B: 0.120 G_B: 0.400 cycle_B: 0.166 idt_B: 0.083 
saving the latest model (epoch 276, total_iters 5000)
(epoch: 276, iters: 780, time: 0.623, data: 0.002) D_A: 0.239 G_A: 0.445 cycle_A: 0.222 idt_A: 0.053 D_B: 0.247 G_B: 0.240 cycle_B: 0.213 idt_B: 0.107 
(epoch: 276, iters: 880, time: 2.709, data: 0.002) D_A: 0.193 G_A: 0.287 cycle_A: 0.334 idt_A: 0.105 D_B: 0.323 G_B: 0.725 cycle_B: 0.236 idt_B: 0.119 
(epoch: 276, iters: 980, time: 0.613, data: 0.002) D_A: 0.112 G_A: 0.372 cycle_A: 0.154 idt_A: 0.055 D_B: 0.127 G_B: 0.393 cycle_B: 0.122 idt_B: 0.057 
(epoch: 276, iters: 1080, time: 0.614, data: 0.002) D_A: 0.193 G_A: 0.449 cycle_A: 0.184 idt_A: 0.075 D_B: 0.227 G_B: 0.348 cycle_B: 0.239 idt_B: 0.070 
End of epoch 276 / 300 	 Time Taken: 670 sec
learning rate = 0.0000318
(epoch: 277, iters: 100, time: 0.620, data: 0.140) D_A: 0.229 G_A: 0.347 cycle_A: 0.251 idt_A: 0.042 D_B: 0.301 G_B: 0.261 cycle_B: 0.140 idt_B: 0.096 
(epoch: 277, iters: 200, time: 2.737, data: 0.001) D_A: 0.222 G_A: 0.360 cycle_A: 0.328 idt_A: 0.082 D_B: 0.204 G_B: 0.383 cycle_B: 0.104 idt_B: 0.133 
(epoch: 277, iters: 300, time: 0.619, data: 0.002) D_A: 0.273 G_A: 0.432 cycle_A: 0.153 idt_A: 0.064 D_B: 0.193 G_B: 0.276 cycle_B: 0.159 idt_B: 0.052 
(epoch: 277, iters: 400, time: 0.618, data: 0.002) D_A: 0.125 G_A: 0.554 cycle_A: 0.404 idt_A: 0.076 D_B: 0.264 G_B: 0.466 cycle_B: 0.248 idt_B: 0.146 
(epoch: 277, iters: 500, time: 0.617, data: 0.002) D_A: 0.104 G_A: 0.308 cycle_A: 0.134 idt_A: 0.265 D_B: 0.138 G_B: 0.770 cycle_B: 0.662 idt_B: 0.054 
(epoch: 277, iters: 600, time: 2.736, data: 0.001) D_A: 0.070 G_A: 0.375 cycle_A: 0.263 idt_A: 0.163 D_B: 0.139 G_B: 0.871 cycle_B: 0.466 idt_B: 0.098 
(epoch: 277, iters: 700, time: 0.618, data: 0.002) D_A: 0.143 G_A: 0.333 cycle_A: 0.221 idt_A: 0.082 D_B: 0.228 G_B: 0.577 cycle_B: 0.223 idt_B: 0.110 
(epoch: 277, iters: 800, time: 0.619, data: 0.001) D_A: 0.228 G_A: 0.324 cycle_A: 0.256 idt_A: 0.064 D_B: 0.256 G_B: 0.269 cycle_B: 0.156 idt_B: 0.119 
(epoch: 277, iters: 900, time: 0.612, data: 0.002) D_A: 0.128 G_A: 0.446 cycle_A: 0.355 idt_A: 0.080 D_B: 0.158 G_B: 0.523 cycle_B: 0.260 idt_B: 0.122 
(epoch: 277, iters: 1000, time: 2.548, data: 0.001) D_A: 0.181 G_A: 0.549 cycle_A: 0.096 idt_A: 0.052 D_B: 0.153 G_B: 0.422 cycle_B: 0.160 idt_B: 0.043 
End of epoch 277 / 300 	 Time Taken: 669 sec
learning rate = 0.0000305
(epoch: 278, iters: 20, time: 0.618, data: 0.002) D_A: 0.137 G_A: 0.345 cycle_A: 0.179 idt_A: 0.091 D_B: 0.095 G_B: 0.601 cycle_B: 0.357 idt_B: 0.068 
(epoch: 278, iters: 120, time: 0.614, data: 0.002) D_A: 0.139 G_A: 0.320 cycle_A: 0.349 idt_A: 0.086 D_B: 0.188 G_B: 0.532 cycle_B: 0.273 idt_B: 0.127 
(epoch: 278, iters: 220, time: 0.618, data: 0.001) D_A: 0.136 G_A: 0.459 cycle_A: 0.396 idt_A: 0.072 D_B: 0.189 G_B: 0.258 cycle_B: 0.146 idt_B: 0.139 
(epoch: 278, iters: 320, time: 2.725, data: 0.002) D_A: 0.208 G_A: 0.671 cycle_A: 0.158 idt_A: 0.080 D_B: 0.240 G_B: 0.410 cycle_B: 0.235 idt_B: 0.068 
(epoch: 278, iters: 420, time: 0.615, data: 0.001) D_A: 0.119 G_A: 0.363 cycle_A: 0.196 idt_A: 0.069 D_B: 0.154 G_B: 0.440 cycle_B: 0.198 idt_B: 0.064 
(epoch: 278, iters: 520, time: 0.617, data: 0.002) D_A: 0.249 G_A: 0.418 cycle_A: 0.259 idt_A: 0.066 D_B: 0.193 G_B: 0.281 cycle_B: 0.197 idt_B: 0.085 
(epoch: 278, iters: 620, time: 0.619, data: 0.002) D_A: 0.153 G_A: 0.285 cycle_A: 0.265 idt_A: 0.114 D_B: 0.134 G_B: 0.730 cycle_B: 0.454 idt_B: 0.089 
(epoch: 278, iters: 720, time: 2.694, data: 0.002) D_A: 0.325 G_A: 0.315 cycle_A: 0.203 idt_A: 0.090 D_B: 0.192 G_B: 0.331 cycle_B: 0.183 idt_B: 0.079 
(epoch: 278, iters: 820, time: 0.622, data: 0.002) D_A: 0.250 G_A: 0.456 cycle_A: 0.349 idt_A: 0.044 D_B: 0.263 G_B: 0.121 cycle_B: 0.135 idt_B: 0.122 
(epoch: 278, iters: 920, time: 0.617, data: 0.002) D_A: 0.109 G_A: 0.521 cycle_A: 0.258 idt_A: 0.088 D_B: 0.222 G_B: 0.562 cycle_B: 0.254 idt_B: 0.092 
(epoch: 278, iters: 1020, time: 0.619, data: 0.001) D_A: 0.209 G_A: 0.447 cycle_A: 0.198 idt_A: 0.058 D_B: 0.203 G_B: 0.344 cycle_B: 0.280 idt_B: 0.058 
End of epoch 278 / 300 	 Time Taken: 667 sec
learning rate = 0.0000291
(epoch: 279, iters: 40, time: 2.699, data: 0.002) D_A: 0.195 G_A: 0.673 cycle_A: 0.210 idt_A: 0.115 D_B: 0.196 G_B: 0.342 cycle_B: 0.282 idt_B: 0.089 
(epoch: 279, iters: 140, time: 0.618, data: 0.002) D_A: 0.143 G_A: 0.405 cycle_A: 0.314 idt_A: 0.088 D_B: 0.296 G_B: 0.401 cycle_B: 0.258 idt_B: 0.112 
(epoch: 279, iters: 240, time: 0.615, data: 0.002) D_A: 0.172 G_A: 0.383 cycle_A: 0.113 idt_A: 0.078 D_B: 0.122 G_B: 0.779 cycle_B: 0.190 idt_B: 0.044 
(epoch: 279, iters: 340, time: 0.615, data: 0.002) D_A: 0.140 G_A: 0.345 cycle_A: 0.137 idt_A: 0.128 D_B: 0.157 G_B: 0.631 cycle_B: 0.327 idt_B: 0.057 
(epoch: 279, iters: 440, time: 2.707, data: 0.001) D_A: 0.071 G_A: 0.522 cycle_A: 0.205 idt_A: 0.212 D_B: 0.084 G_B: 0.750 cycle_B: 0.571 idt_B: 0.081 
(epoch: 279, iters: 540, time: 0.615, data: 0.002) D_A: 0.103 G_A: 0.354 cycle_A: 0.221 idt_A: 0.118 D_B: 0.142 G_B: 0.593 cycle_B: 0.350 idt_B: 0.086 
(epoch: 279, iters: 640, time: 0.615, data: 0.002) D_A: 0.117 G_A: 0.520 cycle_A: 0.175 idt_A: 0.066 D_B: 0.133 G_B: 0.493 cycle_B: 0.257 idt_B: 0.061 
(epoch: 279, iters: 740, time: 0.621, data: 0.001) D_A: 0.110 G_A: 0.378 cycle_A: 0.214 idt_A: 0.214 D_B: 0.154 G_B: 0.793 cycle_B: 0.563 idt_B: 0.067 
(epoch: 279, iters: 840, time: 2.604, data: 0.001) D_A: 0.216 G_A: 0.447 cycle_A: 0.195 idt_A: 0.065 D_B: 0.143 G_B: 0.146 cycle_B: 0.237 idt_B: 0.063 
(epoch: 279, iters: 940, time: 0.616, data: 0.001) D_A: 0.202 G_A: 0.690 cycle_A: 0.226 idt_A: 0.078 D_B: 0.098 G_B: 0.398 cycle_B: 0.263 idt_B: 0.077 
(epoch: 279, iters: 1040, time: 0.615, data: 0.002) D_A: 0.233 G_A: 0.263 cycle_A: 0.240 idt_A: 0.107 D_B: 0.142 G_B: 0.447 cycle_B: 0.350 idt_B: 0.074 
End of epoch 279 / 300 	 Time Taken: 668 sec
learning rate = 0.0000278
(epoch: 280, iters: 60, time: 0.617, data: 0.002) D_A: 0.204 G_A: 0.340 cycle_A: 0.333 idt_A: 0.131 D_B: 0.107 G_B: 0.619 cycle_B: 0.311 idt_B: 0.114 
(epoch: 280, iters: 160, time: 2.768, data: 0.002) D_A: 0.126 G_A: 0.389 cycle_A: 0.288 idt_A: 0.076 D_B: 0.227 G_B: 0.668 cycle_B: 0.167 idt_B: 0.117 
(epoch: 280, iters: 260, time: 0.614, data: 0.002) D_A: 0.279 G_A: 0.406 cycle_A: 0.437 idt_A: 0.059 D_B: 0.183 G_B: 0.435 cycle_B: 0.193 idt_B: 0.149 
(epoch: 280, iters: 360, time: 0.623, data: 0.002) D_A: 0.118 G_A: 0.556 cycle_A: 0.169 idt_A: 0.169 D_B: 0.191 G_B: 0.477 cycle_B: 0.475 idt_B: 0.076 
(epoch: 280, iters: 460, time: 0.619, data: 0.001) D_A: 0.093 G_A: 0.458 cycle_A: 0.266 idt_A: 0.071 D_B: 0.147 G_B: 0.665 cycle_B: 0.345 idt_B: 0.101 
(epoch: 280, iters: 560, time: 2.647, data: 0.002) D_A: 0.098 G_A: 0.425 cycle_A: 0.471 idt_A: 0.080 D_B: 0.078 G_B: 0.476 cycle_B: 0.226 idt_B: 0.167 
(epoch: 280, iters: 660, time: 0.616, data: 0.002) D_A: 0.181 G_A: 0.391 cycle_A: 0.126 idt_A: 0.081 D_B: 0.263 G_B: 0.519 cycle_B: 0.140 idt_B: 0.108 
(epoch: 280, iters: 760, time: 0.613, data: 0.001) D_A: 0.100 G_A: 0.427 cycle_A: 0.190 idt_A: 0.226 D_B: 0.108 G_B: 0.807 cycle_B: 0.382 idt_B: 0.070 
(epoch: 280, iters: 860, time: 0.618, data: 0.002) D_A: 0.131 G_A: 0.422 cycle_A: 0.275 idt_A: 0.169 D_B: 0.065 G_B: 0.727 cycle_B: 0.415 idt_B: 0.085 
(epoch: 280, iters: 960, time: 2.708, data: 0.002) D_A: 0.342 G_A: 0.155 cycle_A: 0.412 idt_A: 0.054 D_B: 0.212 G_B: 0.350 cycle_B: 0.170 idt_B: 0.185 
(epoch: 280, iters: 1060, time: 0.612, data: 0.002) D_A: 0.269 G_A: 0.527 cycle_A: 0.353 idt_A: 0.062 D_B: 0.349 G_B: 0.228 cycle_B: 0.151 idt_B: 0.131 
saving the model at the end of epoch 280, iters 9720
End of epoch 280 / 300 	 Time Taken: 670 sec
learning rate = 0.0000265
(epoch: 281, iters: 80, time: 0.613, data: 0.001) D_A: 0.183 G_A: 0.462 cycle_A: 0.199 idt_A: 0.104 D_B: 0.116 G_B: 0.429 cycle_B: 0.213 idt_B: 0.065 
(epoch: 281, iters: 180, time: 0.619, data: 0.002) D_A: 0.120 G_A: 0.718 cycle_A: 0.235 idt_A: 0.042 D_B: 0.298 G_B: 0.133 cycle_B: 0.155 idt_B: 0.079 
(epoch: 281, iters: 280, time: 2.832, data: 0.001) D_A: 0.157 G_A: 0.503 cycle_A: 0.239 idt_A: 0.081 D_B: 0.257 G_B: 0.612 cycle_B: 0.229 idt_B: 0.092 
saving the latest model (epoch 281, total_iters 10000)
(epoch: 281, iters: 380, time: 0.616, data: 0.002) D_A: 0.216 G_A: 0.441 cycle_A: 0.381 idt_A: 0.065 D_B: 0.187 G_B: 0.443 cycle_B: 0.285 idt_B: 0.125 
(epoch: 281, iters: 480, time: 0.615, data: 0.002) D_A: 0.149 G_A: 0.496 cycle_A: 0.462 idt_A: 0.058 D_B: 0.225 G_B: 0.559 cycle_B: 0.252 idt_B: 0.160 
(epoch: 281, iters: 580, time: 0.628, data: 0.002) D_A: 0.098 G_A: 0.600 cycle_A: 0.673 idt_A: 0.035 D_B: 0.098 G_B: 0.263 cycle_B: 0.131 idt_B: 0.245 
(epoch: 281, iters: 680, time: 2.722, data: 0.001) D_A: 0.293 G_A: 0.405 cycle_A: 0.351 idt_A: 0.067 D_B: 0.141 G_B: 0.420 cycle_B: 0.142 idt_B: 0.101 
(epoch: 281, iters: 780, time: 0.622, data: 0.002) D_A: 0.115 G_A: 0.498 cycle_A: 0.225 idt_A: 0.141 D_B: 0.259 G_B: 0.555 cycle_B: 0.372 idt_B: 0.081 
(epoch: 281, iters: 880, time: 0.620, data: 0.002) D_A: 0.107 G_A: 0.404 cycle_A: 0.239 idt_A: 0.124 D_B: 0.184 G_B: 0.619 cycle_B: 0.433 idt_B: 0.100 
(epoch: 281, iters: 980, time: 0.619, data: 0.002) D_A: 0.238 G_A: 0.439 cycle_A: 0.449 idt_A: 0.078 D_B: 0.285 G_B: 0.298 cycle_B: 0.304 idt_B: 0.166 
(epoch: 281, iters: 1080, time: 2.720, data: 0.001) D_A: 0.135 G_A: 0.359 cycle_A: 0.165 idt_A: 0.075 D_B: 0.139 G_B: 0.302 cycle_B: 0.260 idt_B: 0.054 
End of epoch 281 / 300 	 Time Taken: 669 sec
learning rate = 0.0000252
(epoch: 282, iters: 100, time: 0.622, data: 0.157) D_A: 0.140 G_A: 0.412 cycle_A: 0.158 idt_A: 0.106 D_B: 0.163 G_B: 0.399 cycle_B: 0.318 idt_B: 0.052 
(epoch: 282, iters: 200, time: 0.616, data: 0.002) D_A: 0.069 G_A: 0.467 cycle_A: 0.179 idt_A: 0.218 D_B: 0.104 G_B: 0.577 cycle_B: 0.599 idt_B: 0.077 
(epoch: 282, iters: 300, time: 0.621, data: 0.002) D_A: 0.309 G_A: 0.421 cycle_A: 0.413 idt_A: 0.065 D_B: 0.304 G_B: 0.176 cycle_B: 0.194 idt_B: 0.169 
(epoch: 282, iters: 400, time: 2.672, data: 0.001) D_A: 0.311 G_A: 0.421 cycle_A: 0.138 idt_A: 0.106 D_B: 0.205 G_B: 0.368 cycle_B: 0.230 idt_B: 0.059 
(epoch: 282, iters: 500, time: 0.617, data: 0.002) D_A: 0.149 G_A: 0.491 cycle_A: 0.357 idt_A: 0.123 D_B: 0.185 G_B: 0.677 cycle_B: 0.425 idt_B: 0.107 
(epoch: 282, iters: 600, time: 0.616, data: 0.002) D_A: 0.191 G_A: 0.366 cycle_A: 0.463 idt_A: 0.078 D_B: 0.115 G_B: 0.794 cycle_B: 0.300 idt_B: 0.138 
(epoch: 282, iters: 700, time: 0.621, data: 0.001) D_A: 0.163 G_A: 0.384 cycle_A: 0.334 idt_A: 0.110 D_B: 0.238 G_B: 0.317 cycle_B: 0.309 idt_B: 0.108 
(epoch: 282, iters: 800, time: 2.842, data: 0.002) D_A: 0.136 G_A: 0.441 cycle_A: 0.320 idt_A: 0.094 D_B: 0.261 G_B: 0.493 cycle_B: 0.258 idt_B: 0.143 
(epoch: 282, iters: 900, time: 0.619, data: 0.001) D_A: 0.251 G_A: 0.412 cycle_A: 0.333 idt_A: 0.110 D_B: 0.181 G_B: 0.327 cycle_B: 0.197 idt_B: 0.099 
(epoch: 282, iters: 1000, time: 0.621, data: 0.001) D_A: 0.201 G_A: 0.360 cycle_A: 0.258 idt_A: 0.071 D_B: 0.158 G_B: 0.432 cycle_B: 0.254 idt_B: 0.091 
End of epoch 282 / 300 	 Time Taken: 667 sec
learning rate = 0.0000238
(epoch: 283, iters: 20, time: 0.623, data: 0.001) D_A: 0.174 G_A: 0.386 cycle_A: 0.295 idt_A: 0.044 D_B: 0.146 G_B: 0.342 cycle_B: 0.191 idt_B: 0.117 
(epoch: 283, iters: 120, time: 2.795, data: 0.001) D_A: 0.103 G_A: 0.439 cycle_A: 0.302 idt_A: 0.125 D_B: 0.265 G_B: 0.641 cycle_B: 0.548 idt_B: 0.130 
(epoch: 283, iters: 220, time: 0.620, data: 0.002) D_A: 0.178 G_A: 0.537 cycle_A: 0.249 idt_A: 0.103 D_B: 0.130 G_B: 0.638 cycle_B: 0.240 idt_B: 0.081 
(epoch: 283, iters: 320, time: 0.619, data: 0.002) D_A: 0.195 G_A: 0.390 cycle_A: 0.189 idt_A: 0.094 D_B: 0.122 G_B: 0.596 cycle_B: 0.345 idt_B: 0.067 
(epoch: 283, iters: 420, time: 0.619, data: 0.001) D_A: 0.153 G_A: 0.381 cycle_A: 0.196 idt_A: 0.090 D_B: 0.053 G_B: 0.784 cycle_B: 0.262 idt_B: 0.064 
(epoch: 283, iters: 520, time: 2.763, data: 0.001) D_A: 0.236 G_A: 0.438 cycle_A: 0.198 idt_A: 0.080 D_B: 0.101 G_B: 0.513 cycle_B: 0.275 idt_B: 0.078 
(epoch: 283, iters: 620, time: 0.623, data: 0.001) D_A: 0.173 G_A: 0.396 cycle_A: 0.153 idt_A: 0.123 D_B: 0.124 G_B: 0.451 cycle_B: 0.256 idt_B: 0.057 
(epoch: 283, iters: 720, time: 0.616, data: 0.001) D_A: 0.105 G_A: 0.297 cycle_A: 0.374 idt_A: 0.064 D_B: 0.282 G_B: 0.183 cycle_B: 0.251 idt_B: 0.136 
(epoch: 283, iters: 820, time: 0.617, data: 0.002) D_A: 0.146 G_A: 0.570 cycle_A: 0.130 idt_A: 0.072 D_B: 0.097 G_B: 0.394 cycle_B: 0.203 idt_B: 0.052 
(epoch: 283, iters: 920, time: 2.700, data: 0.001) D_A: 0.198 G_A: 0.232 cycle_A: 0.241 idt_A: 0.081 D_B: 0.348 G_B: 0.389 cycle_B: 0.288 idt_B: 0.136 
(epoch: 283, iters: 1020, time: 0.620, data: 0.002) D_A: 0.236 G_A: 0.312 cycle_A: 0.325 idt_A: 0.056 D_B: 0.115 G_B: 0.470 cycle_B: 0.232 idt_B: 0.097 
End of epoch 283 / 300 	 Time Taken: 669 sec
learning rate = 0.0000225
(epoch: 284, iters: 40, time: 0.618, data: 0.001) D_A: 0.206 G_A: 0.444 cycle_A: 0.226 idt_A: 0.058 D_B: 0.042 G_B: 0.158 cycle_B: 0.193 idt_B: 0.074 
(epoch: 284, iters: 140, time: 0.621, data: 0.001) D_A: 0.207 G_A: 0.400 cycle_A: 0.243 idt_A: 0.103 D_B: 0.145 G_B: 0.645 cycle_B: 0.258 idt_B: 0.077 
(epoch: 284, iters: 240, time: 2.701, data: 0.002) D_A: 0.193 G_A: 0.281 cycle_A: 0.127 idt_A: 0.057 D_B: 0.264 G_B: 0.591 cycle_B: 0.211 idt_B: 0.061 
(epoch: 284, iters: 340, time: 0.623, data: 0.002) D_A: 0.137 G_A: 0.376 cycle_A: 0.246 idt_A: 0.053 D_B: 0.238 G_B: 0.220 cycle_B: 0.195 idt_B: 0.099 
(epoch: 284, iters: 440, time: 0.616, data: 0.002) D_A: 0.149 G_A: 0.535 cycle_A: 0.170 idt_A: 0.065 D_B: 0.158 G_B: 0.321 cycle_B: 0.135 idt_B: 0.061 
(epoch: 284, iters: 540, time: 0.619, data: 0.002) D_A: 0.181 G_A: 0.412 cycle_A: 0.282 idt_A: 0.058 D_B: 0.249 G_B: 0.213 cycle_B: 0.151 idt_B: 0.095 
(epoch: 284, iters: 640, time: 2.754, data: 0.001) D_A: 0.141 G_A: 0.493 cycle_A: 0.259 idt_A: 0.081 D_B: 0.226 G_B: 0.576 cycle_B: 0.231 idt_B: 0.086 
(epoch: 284, iters: 740, time: 0.622, data: 0.002) D_A: 0.115 G_A: 0.442 cycle_A: 0.212 idt_A: 0.041 D_B: 0.220 G_B: 0.314 cycle_B: 0.191 idt_B: 0.069 
(epoch: 284, iters: 840, time: 0.620, data: 0.002) D_A: 0.125 G_A: 0.486 cycle_A: 0.289 idt_A: 0.087 D_B: 0.196 G_B: 0.459 cycle_B: 0.318 idt_B: 0.091 
(epoch: 284, iters: 940, time: 0.619, data: 0.002) D_A: 0.148 G_A: 0.494 cycle_A: 0.411 idt_A: 0.057 D_B: 0.127 G_B: 0.265 cycle_B: 0.203 idt_B: 0.145 
(epoch: 284, iters: 1040, time: 2.658, data: 0.001) D_A: 0.127 G_A: 0.330 cycle_A: 0.089 idt_A: 0.157 D_B: 0.176 G_B: 0.624 cycle_B: 0.433 idt_B: 0.037 
End of epoch 284 / 300 	 Time Taken: 669 sec
learning rate = 0.0000212
(epoch: 285, iters: 60, time: 0.619, data: 0.002) D_A: 0.193 G_A: 0.409 cycle_A: 0.263 idt_A: 0.058 D_B: 0.411 G_B: 0.203 cycle_B: 0.176 idt_B: 0.085 
(epoch: 285, iters: 160, time: 0.616, data: 0.001) D_A: 0.212 G_A: 0.481 cycle_A: 0.224 idt_A: 0.052 D_B: 0.230 G_B: 0.420 cycle_B: 0.156 idt_B: 0.076 
(epoch: 285, iters: 260, time: 0.619, data: 0.001) D_A: 0.197 G_A: 0.346 cycle_A: 0.290 idt_A: 0.041 D_B: 0.236 G_B: 0.197 cycle_B: 0.121 idt_B: 0.108 
(epoch: 285, iters: 360, time: 2.882, data: 0.002) D_A: 0.174 G_A: 0.464 cycle_A: 0.335 idt_A: 0.108 D_B: 0.289 G_B: 0.361 cycle_B: 0.287 idt_B: 0.123 
(epoch: 285, iters: 460, time: 0.616, data: 0.002) D_A: 0.170 G_A: 0.651 cycle_A: 0.137 idt_A: 0.113 D_B: 0.263 G_B: 0.503 cycle_B: 0.255 idt_B: 0.059 
(epoch: 285, iters: 560, time: 0.617, data: 0.001) D_A: 0.158 G_A: 0.265 cycle_A: 0.276 idt_A: 0.146 D_B: 0.211 G_B: 0.678 cycle_B: 0.397 idt_B: 0.095 
(epoch: 285, iters: 660, time: 0.617, data: 0.001) D_A: 0.120 G_A: 0.656 cycle_A: 0.176 idt_A: 0.087 D_B: 0.154 G_B: 0.516 cycle_B: 0.271 idt_B: 0.090 
(epoch: 285, iters: 760, time: 2.610, data: 0.001) D_A: 0.194 G_A: 0.608 cycle_A: 0.314 idt_A: 0.084 D_B: 0.235 G_B: 0.300 cycle_B: 0.117 idt_B: 0.118 
(epoch: 285, iters: 860, time: 0.622, data: 0.002) D_A: 0.150 G_A: 0.354 cycle_A: 0.287 idt_A: 0.103 D_B: 0.152 G_B: 0.534 cycle_B: 0.389 idt_B: 0.095 
(epoch: 285, iters: 960, time: 0.620, data: 0.001) D_A: 0.122 G_A: 0.439 cycle_A: 0.152 idt_A: 0.153 D_B: 0.107 G_B: 0.615 cycle_B: 0.378 idt_B: 0.053 
saving the latest model (epoch 285, total_iters 15000)
(epoch: 285, iters: 1060, time: 0.626, data: 0.002) D_A: 0.223 G_A: 0.535 cycle_A: 0.319 idt_A: 0.075 D_B: 0.225 G_B: 0.456 cycle_B: 0.274 idt_B: 0.113 
saving the model at the end of epoch 285, iters 15120
End of epoch 285 / 300 	 Time Taken: 668 sec
learning rate = 0.0000199
(epoch: 286, iters: 80, time: 2.882, data: 0.002) D_A: 0.209 G_A: 0.626 cycle_A: 0.487 idt_A: 0.057 D_B: 0.234 G_B: 0.335 cycle_B: 0.251 idt_B: 0.191 
(epoch: 286, iters: 180, time: 0.618, data: 0.002) D_A: 0.243 G_A: 0.554 cycle_A: 0.206 idt_A: 0.060 D_B: 0.220 G_B: 0.419 cycle_B: 0.209 idt_B: 0.085 
(epoch: 286, iters: 280, time: 0.625, data: 0.002) D_A: 0.353 G_A: 0.255 cycle_A: 0.279 idt_A: 0.093 D_B: 0.186 G_B: 0.338 cycle_B: 0.280 idt_B: 0.088 
(epoch: 286, iters: 380, time: 0.616, data: 0.001) D_A: 0.153 G_A: 0.282 cycle_A: 0.216 idt_A: 0.119 D_B: 0.266 G_B: 0.645 cycle_B: 0.387 idt_B: 0.068 
(epoch: 286, iters: 480, time: 2.720, data: 0.001) D_A: 0.177 G_A: 0.409 cycle_A: 0.268 idt_A: 0.078 D_B: 0.217 G_B: 0.536 cycle_B: 0.232 idt_B: 0.100 
(epoch: 286, iters: 580, time: 0.617, data: 0.002) D_A: 0.236 G_A: 0.450 cycle_A: 0.211 idt_A: 0.074 D_B: 0.158 G_B: 0.294 cycle_B: 0.258 idt_B: 0.074 
(epoch: 286, iters: 680, time: 0.617, data: 0.001) D_A: 0.279 G_A: 0.377 cycle_A: 0.168 idt_A: 0.064 D_B: 0.136 G_B: 0.247 cycle_B: 0.182 idt_B: 0.048 
(epoch: 286, iters: 780, time: 0.613, data: 0.001) D_A: 0.149 G_A: 0.338 cycle_A: 0.090 idt_A: 0.218 D_B: 0.236 G_B: 0.742 cycle_B: 0.475 idt_B: 0.046 
(epoch: 286, iters: 880, time: 2.733, data: 0.002) D_A: 0.107 G_A: 0.294 cycle_A: 0.262 idt_A: 0.086 D_B: 0.232 G_B: 0.585 cycle_B: 0.280 idt_B: 0.106 
(epoch: 286, iters: 980, time: 0.616, data: 0.001) D_A: 0.114 G_A: 0.456 cycle_A: 0.155 idt_A: 0.136 D_B: 0.138 G_B: 0.568 cycle_B: 0.452 idt_B: 0.062 
(epoch: 286, iters: 1080, time: 0.616, data: 0.002) D_A: 0.151 G_A: 0.532 cycle_A: 0.199 idt_A: 0.083 D_B: 0.128 G_B: 0.607 cycle_B: 0.256 idt_B: 0.056 
End of epoch 286 / 300 	 Time Taken: 669 sec
learning rate = 0.0000185
(epoch: 287, iters: 100, time: 0.619, data: 0.159) D_A: 0.151 G_A: 0.488 cycle_A: 0.305 idt_A: 0.098 D_B: 0.134 G_B: 0.363 cycle_B: 0.205 idt_B: 0.105 
(epoch: 287, iters: 200, time: 2.796, data: 0.002) D_A: 0.209 G_A: 0.536 cycle_A: 0.224 idt_A: 0.045 D_B: 0.137 G_B: 0.325 cycle_B: 0.152 idt_B: 0.084 
(epoch: 287, iters: 300, time: 0.617, data: 0.002) D_A: 0.176 G_A: 0.446 cycle_A: 0.117 idt_A: 0.068 D_B: 0.187 G_B: 0.201 cycle_B: 0.268 idt_B: 0.048 
(epoch: 287, iters: 400, time: 0.621, data: 0.002) D_A: 0.105 G_A: 0.560 cycle_A: 0.164 idt_A: 0.162 D_B: 0.133 G_B: 0.633 cycle_B: 0.337 idt_B: 0.073 
(epoch: 287, iters: 500, time: 0.623, data: 0.001) D_A: 0.147 G_A: 0.475 cycle_A: 0.177 idt_A: 0.143 D_B: 0.064 G_B: 0.638 cycle_B: 0.365 idt_B: 0.066 
(epoch: 287, iters: 600, time: 2.759, data: 0.001) D_A: 0.218 G_A: 0.426 cycle_A: 0.219 idt_A: 0.111 D_B: 0.157 G_B: 0.630 cycle_B: 0.234 idt_B: 0.083 
(epoch: 287, iters: 700, time: 0.622, data: 0.002) D_A: 0.152 G_A: 0.559 cycle_A: 0.304 idt_A: 0.073 D_B: 0.155 G_B: 0.412 cycle_B: 0.212 idt_B: 0.108 
(epoch: 287, iters: 800, time: 0.616, data: 0.002) D_A: 0.115 G_A: 0.373 cycle_A: 0.272 idt_A: 0.140 D_B: 0.230 G_B: 0.709 cycle_B: 0.514 idt_B: 0.126 
(epoch: 287, iters: 900, time: 0.617, data: 0.002) D_A: 0.161 G_A: 0.371 cycle_A: 0.361 idt_A: 0.126 D_B: 0.163 G_B: 0.572 cycle_B: 0.350 idt_B: 0.129 
(epoch: 287, iters: 1000, time: 2.739, data: 0.001) D_A: 0.135 G_A: 0.422 cycle_A: 0.325 idt_A: 0.093 D_B: 0.126 G_B: 0.516 cycle_B: 0.279 idt_B: 0.102 
End of epoch 287 / 300 	 Time Taken: 669 sec
learning rate = 0.0000172
(epoch: 288, iters: 20, time: 0.620, data: 0.002) D_A: 0.233 G_A: 0.268 cycle_A: 0.282 idt_A: 0.086 D_B: 0.079 G_B: 0.585 cycle_B: 0.342 idt_B: 0.102 
(epoch: 288, iters: 120, time: 0.620, data: 0.001) D_A: 0.125 G_A: 0.326 cycle_A: 0.325 idt_A: 0.148 D_B: 0.207 G_B: 0.660 cycle_B: 0.440 idt_B: 0.116 
(epoch: 288, iters: 220, time: 0.616, data: 0.001) D_A: 0.253 G_A: 0.613 cycle_A: 0.265 idt_A: 0.058 D_B: 0.127 G_B: 0.322 cycle_B: 0.192 idt_B: 0.087 
(epoch: 288, iters: 320, time: 2.765, data: 0.001) D_A: 0.175 G_A: 0.381 cycle_A: 0.160 idt_A: 0.087 D_B: 0.148 G_B: 0.491 cycle_B: 0.282 idt_B: 0.046 
(epoch: 288, iters: 420, time: 0.616, data: 0.001) D_A: 0.234 G_A: 0.342 cycle_A: 0.374 idt_A: 0.060 D_B: 0.142 G_B: 0.443 cycle_B: 0.209 idt_B: 0.122 
(epoch: 288, iters: 520, time: 0.619, data: 0.001) D_A: 0.245 G_A: 0.373 cycle_A: 0.252 idt_A: 0.068 D_B: 0.139 G_B: 0.335 cycle_B: 0.165 idt_B: 0.096 
(epoch: 288, iters: 620, time: 0.616, data: 0.001) D_A: 0.133 G_A: 0.372 cycle_A: 0.220 idt_A: 0.064 D_B: 0.037 G_B: 0.239 cycle_B: 0.269 idt_B: 0.060 
(epoch: 288, iters: 720, time: 2.724, data: 0.001) D_A: 0.300 G_A: 0.454 cycle_A: 0.329 idt_A: 0.074 D_B: 0.296 G_B: 0.213 cycle_B: 0.192 idt_B: 0.118 
(epoch: 288, iters: 820, time: 0.619, data: 0.001) D_A: 0.181 G_A: 0.370 cycle_A: 0.300 idt_A: 0.095 D_B: 0.273 G_B: 0.584 cycle_B: 0.341 idt_B: 0.097 
(epoch: 288, iters: 920, time: 0.623, data: 0.002) D_A: 0.154 G_A: 0.547 cycle_A: 0.202 idt_A: 0.077 D_B: 0.185 G_B: 0.268 cycle_B: 0.311 idt_B: 0.064 
(epoch: 288, iters: 1020, time: 0.619, data: 0.001) D_A: 0.262 G_A: 0.431 cycle_A: 0.165 idt_A: 0.083 D_B: 0.110 G_B: 0.150 cycle_B: 0.260 idt_B: 0.058 
End of epoch 288 / 300 	 Time Taken: 666 sec
learning rate = 0.0000159
(epoch: 289, iters: 40, time: 2.918, data: 0.002) D_A: 0.203 G_A: 0.298 cycle_A: 0.344 idt_A: 0.129 D_B: 0.180 G_B: 0.369 cycle_B: 0.401 idt_B: 0.128 
(epoch: 289, iters: 140, time: 0.619, data: 0.001) D_A: 0.130 G_A: 0.384 cycle_A: 0.171 idt_A: 0.074 D_B: 0.217 G_B: 0.201 cycle_B: 0.206 idt_B: 0.064 
(epoch: 289, iters: 240, time: 0.613, data: 0.002) D_A: 0.126 G_A: 0.475 cycle_A: 0.319 idt_A: 0.075 D_B: 0.159 G_B: 0.575 cycle_B: 0.271 idt_B: 0.111 
(epoch: 289, iters: 340, time: 0.613, data: 0.002) D_A: 0.240 G_A: 0.319 cycle_A: 0.177 idt_A: 0.056 D_B: 0.083 G_B: 0.357 cycle_B: 0.164 idt_B: 0.056 
(epoch: 289, iters: 440, time: 2.734, data: 0.002) D_A: 0.132 G_A: 0.453 cycle_A: 0.167 idt_A: 0.137 D_B: 0.153 G_B: 0.582 cycle_B: 0.323 idt_B: 0.064 
(epoch: 289, iters: 540, time: 0.615, data: 0.001) D_A: 0.238 G_A: 0.265 cycle_A: 0.687 idt_A: 0.089 D_B: 0.265 G_B: 0.551 cycle_B: 0.303 idt_B: 0.277 
(epoch: 289, iters: 640, time: 0.618, data: 0.001) D_A: 0.266 G_A: 0.396 cycle_A: 0.295 idt_A: 0.059 D_B: 0.227 G_B: 0.290 cycle_B: 0.204 idt_B: 0.093 
(epoch: 289, iters: 740, time: 0.628, data: 0.001) D_A: 0.132 G_A: 0.379 cycle_A: 0.240 idt_A: 0.127 D_B: 0.081 G_B: 0.566 cycle_B: 0.407 idt_B: 0.070 
(epoch: 289, iters: 840, time: 2.918, data: 0.002) D_A: 0.101 G_A: 0.582 cycle_A: 0.501 idt_A: 0.155 D_B: 0.198 G_B: 0.696 cycle_B: 0.407 idt_B: 0.187 
(epoch: 289, iters: 940, time: 0.614, data: 0.002) D_A: 0.206 G_A: 0.353 cycle_A: 0.179 idt_A: 0.119 D_B: 0.141 G_B: 0.510 cycle_B: 0.355 idt_B: 0.055 
(epoch: 289, iters: 1040, time: 0.614, data: 0.001) D_A: 0.181 G_A: 0.424 cycle_A: 0.213 idt_A: 0.086 D_B: 0.252 G_B: 0.648 cycle_B: 0.308 idt_B: 0.073 
End of epoch 289 / 300 	 Time Taken: 669 sec
learning rate = 0.0000146
